<?xml version="1.0" encoding="UTF-8"?>
<testng-results skipped="0" failed="0" total="1" passed="1">
  <reporter-output>
  </reporter-output>
  <suite name="Default suite" duration-ms="36964" started-at="2014-06-23T08:38:58Z" finished-at="2014-06-23T08:39:35Z">
    <groups>
    </groups>
    <test name="Default test" duration-ms="36964" started-at="2014-06-23T08:38:58Z" finished-at="2014-06-23T08:39:35Z">
      <class name="kapil.Connectivity">
        <test-method status="PASS" signature="setUp()[pri:0, instance:kapil.Connectivity@14e54d8]" name="setUp" is-config="true" duration-ms="35354" started-at="2014-06-23T14:08:58Z" finished-at="2014-06-23T14:09:33Z">
          <reporter-output>
          </reporter-output>
        </test-method> <!-- setUp -->
        <test-method status="PASS" signature="test()[pri:0, instance:kapil.Connectivity@14e54d8]" name="test" duration-ms="1586" started-at="2014-06-23T14:09:33Z" finished-at="2014-06-23T14:09:35Z">
          <reporter-output>
          </reporter-output>
        </test-method> <!-- test -->
      </class> <!-- kapil.Connectivity -->
    </test> <!-- Default test -->
  </suite> <!-- Default suite -->
</testng-results>
